Using pre-set license
Built from '2022.2/release' branch; Version is '2022.2.2f1 (c93c5d3acf5b) revision 13188189'; Using compiler version '192829333'; Build Type 'Release'
OS: 'Windows 10  (10.0.19044) 64bit Professional' Language: 'sk' Physical Memory: 16309 MB
BatchMode: 1, IsHumanControllingUs: 0, StartBugReporterOnCrash: 0, Is64bit: 1, IsPro: 1

COMMAND LINE ARGUMENTS:
F:\Unity Hub\2022.2.2f1\Editor\Unity.exe
-adb2
-batchMode
-noUpm
-name
AssetImportWorker4
-projectPath
F:/zaloha final 14-1-23/SanasAR
-logFile
Logs/AssetImportWorker4.log
-srvPort
62928
Successfully changed project path to: F:/zaloha final 14-1-23/SanasAR
F:/zaloha final 14-1-23/SanasAR
[UnityMemory] Configuration Parameters - Can be set up in boot.config
    "memorysetup-bucket-allocator-granularity=16"
    "memorysetup-bucket-allocator-bucket-count=8"
    "memorysetup-bucket-allocator-block-size=33554432"
    "memorysetup-bucket-allocator-block-count=8"
    "memorysetup-main-allocator-block-size=16777216"
    "memorysetup-thread-allocator-block-size=16777216"
    "memorysetup-gfx-main-allocator-block-size=16777216"
    "memorysetup-gfx-thread-allocator-block-size=16777216"
    "memorysetup-cache-allocator-block-size=4194304"
    "memorysetup-typetree-allocator-block-size=2097152"
    "memorysetup-profiler-bucket-allocator-granularity=16"
    "memorysetup-profiler-bucket-allocator-bucket-count=8"
    "memorysetup-profiler-bucket-allocator-block-size=33554432"
    "memorysetup-profiler-bucket-allocator-block-count=8"
    "memorysetup-profiler-allocator-block-size=16777216"
    "memorysetup-profiler-editor-allocator-block-size=1048576"
    "memorysetup-temp-allocator-size-main=16777216"
    "memorysetup-job-temp-allocator-block-size=2097152"
    "memorysetup-job-temp-allocator-block-size-background=1048576"
    "memorysetup-job-temp-allocator-reduction-small-platforms=262144"
    "memorysetup-temp-allocator-size-background-worker=32768"
    "memorysetup-temp-allocator-size-job-worker=262144"
    "memorysetup-temp-allocator-size-preload-manager=33554432"
    "memorysetup-temp-allocator-size-nav-mesh-worker=65536"
    "memorysetup-temp-allocator-size-audio-worker=65536"
    "memorysetup-temp-allocator-size-cloud-worker=32768"
    "memorysetup-temp-allocator-size-gi-baking-worker=262144"
    "memorysetup-temp-allocator-size-gfx=262144"
Player connection [25448] Host "[IP] 192.168.1.208 [Port] 0 [Flags] 2 [Guid] 1186842915 [EditorId] 1186842915 [Version] 1048832 [Id] WindowsEditor(7,DESKTOP-I6HNUO9) [Debug] 1 [PackageName] WindowsEditor [ProjectName] Editor" joined multi-casting on [225.0.0.222:54997]...

Player connection [25448] Host "[IP] 192.168.1.208 [Port] 0 [Flags] 2 [Guid] 1186842915 [EditorId] 1186842915 [Version] 1048832 [Id] WindowsEditor(7,DESKTOP-I6HNUO9) [Debug] 1 [PackageName] WindowsEditor [ProjectName] Editor" joined alternative multi-casting on [225.0.0.222:34997]...

Refreshing native plugins compatible for Editor in 21.05 ms, found 11 plugins.
Preloading 0 native plugins for Editor in 0.00 ms.
Initialize engine version: 2022.2.2f1 (c93c5d3acf5b)
[Subsystems] Discovering subsystems at path F:/Unity Hub/2022.2.2f1/Editor/Data/Resources/UnitySubsystems
[Subsystems] Discovering subsystems at path F:/zaloha final 14-1-23/SanasAR/Assets
GfxDevice: creating device client; threaded=0; jobified=0
Direct3D:
    Version:  Direct3D 11.0 [level 11.1]
    Renderer: NVIDIA GeForce RTX 2060 (ID=0x1f08)
    Vendor:   NVIDIA
    VRAM:     5968 MB
    Driver:   31.0.15.2802
Initialize mono
Mono path[0] = 'F:/Unity Hub/2022.2.2f1/Editor/Data/Managed'
Mono path[1] = 'F:/Unity Hub/2022.2.2f1/Editor/Data/MonoBleedingEdge/lib/mono/unityjit-win32'
Mono config path = 'F:/Unity Hub/2022.2.2f1/Editor/Data/MonoBleedingEdge/etc'
Using monoOptions --debugger-agent=transport=dt_socket,embedding=1,server=y,suspend=n,address=127.0.0.1:56088
Begin MonoManager ReloadAssembly
Registering precompiled unity dll's ...
Register platform support module: F:/Unity Hub/2022.2.2f1/Editor/Data/PlaybackEngines/AndroidPlayer/UnityEditor.Android.Extensions.dll
Register platform support module: F:/Unity Hub/2022.2.2f1/Editor/Data/PlaybackEngines/iOSSupport/UnityEditor.iOS.Extensions.dll
Register platform support module: F:/Unity Hub/2022.2.2f1/Editor/Data/PlaybackEngines/WindowsStandaloneSupport/UnityEditor.WindowsStandalone.Extensions.dll
Registered in 0.007174 seconds.
- Loaded All Assemblies, in  0.369 seconds
Native extension for WindowsStandalone target not found
[usbmuxd] Start listen thread
[usbmuxd] Listen thread started
[usbmuxd] Send listen message
Native extension for iOS target not found
Native extension for Android target not found
Android Extension - Scanning For ADB Devices 209 ms
Mono: successfully reloaded assembly
- Finished resetting the current domain, in  0.545 seconds
Domain Reload Profiling:
	ReloadAssembly (206ms)
		BeginReloadAssembly (82ms)
			ExecutionOrderSort (0ms)
			DisableScriptedObjects (0ms)
			BackupInstance (0ms)
			ReleaseScriptingObjects (0ms)
			CreateAndSetChildDomain (1ms)
		LoadAllAssembliesAndSetupDomain (0ms)
			LoadAssemblies (81ms)
			RebuildTransferFunctionScriptingTraits (0ms)
			SetupTypeCache (159ms)
				TypeCache.Initialize (158ms)
					TypeCache.ScanAssembly (156ms)
				ResolveRequiredComponents (1ms)
		FinalizeReload (0ms)
			ReleaseScriptCaches (0ms)
			RebuildScriptCaches (0ms)
			SetupLoadedEditorAssemblies (478ms)
				LogAssemblyErrors (0ms)
				InitializePlatformSupportModulesInManaged (303ms)
				SetLoadedEditorAssemblies (5ms)
				RefreshPlugins (0ms)
				BeforeProcessingInitializeOnLoad (1ms)
				ProcessInitializeOnLoadAttributes (118ms)
				ProcessInitializeOnLoadMethodAttributes (51ms)
				AfterProcessingInitializeOnLoad (0ms)
				EditorAssembliesLoaded (0ms)
			ExecutionOrderSort2 (0ms)
			AwakeInstancesAfterBackupRestoration (0ms)
========================================================================
Worker process is ready to serve import requests
Begin MonoManager ReloadAssembly
Symbol file LoadedFromMemory doesn't match image F:\zaloha final 14-1-23\SanasAR\Library\PackageCache\com.unity.visualscripting@1.8.0\Editor\VisualScripting.Core\Dependencies\YamlDotNet\Unity.VisualScripting.YamlDotNet.dll
Symbol file LoadedFromMemory doesn't match image F:\zaloha final 14-1-23\SanasAR\Library\PackageCache\com.unity.visualscripting@1.8.0\Editor\VisualScripting.Core\Dependencies\DotNetZip\Unity.VisualScripting.IonicZip.dll
- Loaded All Assemblies, in  1.040 seconds
Refreshing native plugins compatible for Editor in 10.90 ms, found 11 plugins.
Native extension for WindowsStandalone target not found
Native extension for iOS target not found
Native extension for Android target not found
Package Manager log level set to [2]
[Package Manager] Server::EnsureServerProcessIsRunning -- launch failed, reason: Unity was launched with the -noUpm command-line argument
[Package Manager] UpmClient::Send -- Unable to send message (not connected to UPM process).
[Package Manager] Cannot connect to Unity Package Manager local server
Mono: successfully reloaded assembly
[Package Manager] Server::EnsureServerProcessIsRunning -- launch failed, reason: Unity was launched with the -noUpm command-line argument
[Package Manager] UpmClient::Send -- Unable to send message (not connected to UPM process).
[Package Manager] Cannot connect to Unity Package Manager local server
[Package Manager] Server::EnsureServerProcessIsRunning -- launch failed, reason: Unity was launched with the -noUpm command-line argument
[Package Manager] UpmClient::Send -- Unable to send message (not connected to UPM process).
[Package Manager] Cannot connect to Unity Package Manager local server
- Finished resetting the current domain, in  0.952 seconds
Domain Reload Profiling:
	ReloadAssembly (239ms)
		BeginReloadAssembly (126ms)
			ExecutionOrderSort (0ms)
			DisableScriptedObjects (7ms)
			BackupInstance (0ms)
			ReleaseScriptingObjects (0ms)
			CreateAndSetChildDomain (21ms)
		LoadAllAssembliesAndSetupDomain (799ms)
			LoadAssemblies (109ms)
			RebuildTransferFunctionScriptingTraits (0ms)
			SetupTypeCache (746ms)
				TypeCache.Initialize (380ms)
					TypeCache.ScanAssembly (375ms)
				ResolveRequiredComponents (8ms)
		FinalizeReload (0ms)
			ReleaseScriptCaches (0ms)
			RebuildScriptCaches (0ms)
			SetupLoadedEditorAssemblies (711ms)
				LogAssemblyErrors (0ms)
				InitializePlatformSupportModulesInManaged (30ms)
				SetLoadedEditorAssemblies (8ms)
				RefreshPlugins (0ms)
				BeforeProcessingInitializeOnLoad (112ms)
				ProcessInitializeOnLoadAttributes (468ms)
				ProcessInitializeOnLoadMethodAttributes (89ms)
				AfterProcessingInitializeOnLoad (3ms)
				EditorAssembliesLoaded (0ms)
			ExecutionOrderSort2 (0ms)
			AwakeInstancesAfterBackupRestoration (7ms)
Launched and connected shader compiler UnityShaderCompiler.exe after 0.05 seconds
Refreshing native plugins compatible for Editor in 11.03 ms, found 11 plugins.
Preloading 0 native plugins for Editor in 0.00 ms.
Unloading 5599 Unused Serialized files (Serialized files now loaded: 0)
Unloading 67 unused Assets / (1.2 MB). Loaded Objects now: 6069.
Memory consumption went from 0.83 GB to 0.82 GB.
Total: 5.218100 ms (FindLiveObjects: 0.539000 ms CreateObjectMapping: 0.163700 ms MarkObjects: 3.868700 ms  DeleteObjects: 0.645700 ms)

AssetImportParameters requested are different than current active one (requested -> active):
  custom:container-demuxer-ogg: 62fdf1f143b41e24485cea50d1cbac27 -> 
  custom:video-decoder-ogg-theora: a1e56fd34408186e4bbccfd4996cb3dc -> 
  custom:framework-win-MediaFoundation: 216162199b28c13a410421893ffa2e32 -> 
  custom:container-demuxer-webm: 4f35f7cbe854078d1ac9338744f61a02 -> 
  custom:container-muxer-webm: aa71ff27fc2769a1b78a27578f13a17b -> 
  custom:video-decoder-webm-vp8: 9c59270c3fd7afecdb556c50c9e8de78 -> 
  custom:AudioImporter_EditorPlatform: d09bf68614088b80899f8185d706f6e7 -> 
  custom:video-encoder-webm-vp8: eb34c28f22e8b96e1ab97ce403110664 -> 
  custom:audio-decoder-ogg-vorbis: bf7c407c2cedff20999df2af8eb42d56 -> 
  custom:audio-encoder-webm-vorbis: bf7c407c2cedff20999df2af8eb42d56 -> 
========================================================================
Received Import Request.
  Time since last request: 456701.173923 seconds.
  path: Assets/AddressableAssets/Items/Skrina1.asset
  artifactKey: Guid(1c922adece5305f48bc6aed30aed0f7d) Importer(815301076,1909f56bfc062723c751e8b465ee728b)
Number of updated assets reloaded before import = 0
Start importing Assets/AddressableAssets/Items/Skrina1.asset using Guid(1c922adece5305f48bc6aed30aed0f7d) Importer(815301076,1909f56bfc062723c751e8b465ee728b)  -> (artifact id: '6fddf5af6df4cef9e2e35bac01c4c643') in 0.054645 seconds 
Number of asset objects unloaded after import = 19
========================================================================
Received Import Request.
  Time since last request: 24.213786 seconds.
  path: Assets/sprite na skrine/skrina1.png
  artifactKey: Guid(0f0968d8b348f624cb36c248302f2ec3) Importer(815301076,1909f56bfc062723c751e8b465ee728b)
Number of updated assets reloaded before import = 0
Start importing Assets/sprite na skrine/skrina1.png using Guid(0f0968d8b348f624cb36c248302f2ec3) Importer(815301076,1909f56bfc062723c751e8b465ee728b)  -> (artifact id: '51f7cd06ec6cdac7dc17aa7902d1808b') in 0.047540 seconds 
Number of asset objects unloaded after import = 2
========================================================================
Received Import Request.
  Time since last request: 2.515661 seconds.
  path: Assets/sprite na skrine/skrina1.png
  artifactKey: Guid(0f0968d8b348f624cb36c248302f2ec3) Importer(815301076,1909f56bfc062723c751e8b465ee728b)
Number of updated assets reloaded before import = 0
Start importing Assets/sprite na skrine/skrina1.png using Guid(0f0968d8b348f624cb36c248302f2ec3) Importer(815301076,1909f56bfc062723c751e8b465ee728b)  -> (artifact id: '389e1b8ce46f55fcc904f6f36f385bea') in 0.051326 seconds 
Number of asset objects unloaded after import = 3
========================================================================
Received Import Request.
  Time since last request: 4.431180 seconds.
  path: Assets/AddressableAssets/Items/Skrina1.asset
  artifactKey: Guid(1c922adece5305f48bc6aed30aed0f7d) Importer(815301076,1909f56bfc062723c751e8b465ee728b)
Number of updated assets reloaded before import = 0
Start importing Assets/AddressableAssets/Items/Skrina1.asset using Guid(1c922adece5305f48bc6aed30aed0f7d) Importer(815301076,1909f56bfc062723c751e8b465ee728b)  -> (artifact id: '952ec462d28bb3ce25960744c99cc6dc') in 0.004106 seconds 
Number of asset objects unloaded after import = 20
========================================================================
Received Prepare
Begin MonoManager ReloadAssembly
Symbol file LoadedFromMemory doesn't match image F:\zaloha final 14-1-23\SanasAR\Library\PackageCache\com.unity.visualscripting@1.8.0\Editor\VisualScripting.Core\Dependencies\YamlDotNet\Unity.VisualScripting.YamlDotNet.dll
Symbol file LoadedFromMemory doesn't match image F:\zaloha final 14-1-23\SanasAR\Library\PackageCache\com.unity.visualscripting@1.8.0\Editor\VisualScripting.Core\Dependencies\DotNetZip\Unity.VisualScripting.IonicZip.dll
- Loaded All Assemblies, in  1.217 seconds
Refreshing native plugins compatible for Editor in 11.94 ms, found 11 plugins.
Native extension for WindowsStandalone target not found
Native extension for iOS target not found
Native extension for Android target not found
[Package Manager] Server::EnsureServerProcessIsRunning -- launch failed, reason: Unity was launched with the -noUpm command-line argument
[Package Manager] UpmClient::Send -- Unable to send message (not connected to UPM process).
[Package Manager] Cannot connect to Unity Package Manager local server
Mono: successfully reloaded assembly
[Package Manager] Server::EnsureServerProcessIsRunning -- launch failed, reason: Unity was launched with the -noUpm command-line argument
[Package Manager] UpmClient::Send -- Unable to send message (not connected to UPM process).
[Package Manager] Cannot connect to Unity Package Manager local server
- Finished resetting the current domain, in  1.440 seconds
Domain Reload Profiling:
	ReloadAssembly (261ms)
		BeginReloadAssembly (172ms)
			ExecutionOrderSort (0ms)
			DisableScriptedObjects (8ms)
			BackupInstance (0ms)
			ReleaseScriptingObjects (0ms)
			CreateAndSetChildDomain (56ms)
		LoadAllAssembliesAndSetupDomain (955ms)
			LoadAssemblies (117ms)
			RebuildTransferFunctionScriptingTraits (0ms)
			SetupTypeCache (901ms)
				TypeCache.Initialize (407ms)
					TypeCache.ScanAssembly (399ms)
				ResolveRequiredComponents (20ms)
		FinalizeReload (0ms)
			ReleaseScriptCaches (0ms)
			RebuildScriptCaches (0ms)
			SetupLoadedEditorAssemblies (736ms)
				LogAssemblyErrors (0ms)
				InitializePlatformSupportModulesInManaged (44ms)
				SetLoadedEditorAssemblies (10ms)
				RefreshPlugins (0ms)
				BeforeProcessingInitializeOnLoad (131ms)
				ProcessInitializeOnLoadAttributes (399ms)
				ProcessInitializeOnLoadMethodAttributes (146ms)
				AfterProcessingInitializeOnLoad (6ms)
				EditorAssembliesLoaded (1ms)
			ExecutionOrderSort2 (0ms)
			AwakeInstancesAfterBackupRestoration (33ms)
Refreshing native plugins compatible for Editor in 12.32 ms, found 11 plugins.
Preloading 0 native plugins for Editor in 0.00 ms.
Unloading 5551 Unused Serialized files (Serialized files now loaded: 0)
Unloading 60 unused Assets / (1.3 MB). Loaded Objects now: 6080.
Memory consumption went from 0.82 GB to 0.82 GB.
Total: 6.095800 ms (FindLiveObjects: 0.558800 ms CreateObjectMapping: 0.186400 ms MarkObjects: 4.619400 ms  DeleteObjects: 0.729600 ms)

AssetImportParameters requested are different than current active one (requested -> active):
  custom:container-demuxer-ogg: 62fdf1f143b41e24485cea50d1cbac27 -> 
  custom:video-decoder-ogg-theora: a1e56fd34408186e4bbccfd4996cb3dc -> 
  custom:framework-win-MediaFoundation: 216162199b28c13a410421893ffa2e32 -> 
  custom:container-demuxer-webm: 4f35f7cbe854078d1ac9338744f61a02 -> 
  custom:container-muxer-webm: aa71ff27fc2769a1b78a27578f13a17b -> 
  custom:video-decoder-webm-vp8: 9c59270c3fd7afecdb556c50c9e8de78 -> 
  custom:AudioImporter_EditorPlatform: d09bf68614088b80899f8185d706f6e7 -> 
  custom:video-encoder-webm-vp8: eb34c28f22e8b96e1ab97ce403110664 -> 
  custom:audio-decoder-ogg-vorbis: bf7c407c2cedff20999df2af8eb42d56 -> 
  custom:audio-encoder-webm-vorbis: bf7c407c2cedff20999df2af8eb42d56 -> 
========================================================================
Received Import Request.
  Time since last request: 47.691479 seconds.
  path: ProjectSettings/TagManager.asset
  artifactKey: Guid(00000000000000003000000000000000) Importer(815301076,1909f56bfc062723c751e8b465ee728b)
Number of updated assets reloaded before import = 0
Start importing ProjectSettings/TagManager.asset using Guid(00000000000000003000000000000000) Importer(815301076,1909f56bfc062723c751e8b465ee728b)  -> (artifact id: '6cc541397077f2a343b64f42012ad313') in 0.019044 seconds 
Number of asset objects unloaded after import = 0
========================================================================
Received Import Request.
  Time since last request: 21.212377 seconds.
  path: Assets/Prefab/H_23-30.prefab
  artifactKey: Guid(a4ec6a2cb90665e4fb0f77f519501e05) Importer(815301076,1909f56bfc062723c751e8b465ee728b)
Number of updated assets reloaded before import = 0
Start importing Assets/Prefab/H_23-30.prefab using Guid(a4ec6a2cb90665e4fb0f77f519501e05) Importer(815301076,1909f56bfc062723c751e8b465ee728b)  -> (artifact id: '09f8bae8eaf46e9cf575359cec1af2ea') in 0.117251 seconds 
Number of asset objects unloaded after import = 23
========================================================================
Received Import Request.
  Time since last request: 14.162410 seconds.
  path: Assets/Prefab/H_23-30.prefab
  artifactKey: Guid(a4ec6a2cb90665e4fb0f77f519501e05) Importer(815301076,1909f56bfc062723c751e8b465ee728b)
Number of updated assets reloaded before import = 0
Start importing Assets/Prefab/H_23-30.prefab using Guid(a4ec6a2cb90665e4fb0f77f519501e05) Importer(815301076,1909f56bfc062723c751e8b465ee728b)  -> (artifact id: '20bc8dad9beeb6501fe247b0a765f5b5') in 0.015125 seconds 
Number of asset objects unloaded after import = 23
========================================================================
Received Import Request.
  Time since last request: 2.046635 seconds.
  path: Assets/Prefab/HR_34-90.prefab
  artifactKey: Guid(10d7a534c3206f7409bac35a72b5d0c4) Importer(815301076,1909f56bfc062723c751e8b465ee728b)
Number of updated assets reloaded before import = 0
Start importing Assets/Prefab/HR_34-90.prefab using Guid(10d7a534c3206f7409bac35a72b5d0c4) Importer(815301076,1909f56bfc062723c751e8b465ee728b)  -> (artifact id: 'ecbb215d813f7bb821f238bb2475ef29') in 0.013581 seconds 
Number of asset objects unloaded after import = 22
========================================================================
Received Import Request.
  Time since last request: 1.961208 seconds.
  path: Assets/Prefab/SP_66-60.prefab
  artifactKey: Guid(73991832ee5c99148b23ae4bee4730c7) Importer(815301076,1909f56bfc062723c751e8b465ee728b)
Number of updated assets reloaded before import = 0
Start importing Assets/Prefab/SP_66-60.prefab using Guid(73991832ee5c99148b23ae4bee4730c7) Importer(815301076,1909f56bfc062723c751e8b465ee728b)  -> (artifact id: 'ce7d55282be5dee52d619555eab7c5a8') in 0.014989 seconds 
Number of asset objects unloaded after import = 22
========================================================================
Received Prepare
Begin MonoManager ReloadAssembly
Symbol file LoadedFromMemory doesn't match image F:\zaloha final 14-1-23\SanasAR\Library\PackageCache\com.unity.visualscripting@1.8.0\Editor\VisualScripting.Core\Dependencies\YamlDotNet\Unity.VisualScripting.YamlDotNet.dll
Symbol file LoadedFromMemory doesn't match image F:\zaloha final 14-1-23\SanasAR\Library\PackageCache\com.unity.visualscripting@1.8.0\Editor\VisualScripting.Core\Dependencies\DotNetZip\Unity.VisualScripting.IonicZip.dll
- Loaded All Assemblies, in  1.092 seconds
Refreshing native plugins compatible for Editor in 11.07 ms, found 11 plugins.
Native extension for WindowsStandalone target not found
Native extension for iOS target not found
Native extension for Android target not found
[Package Manager] Server::EnsureServerProcessIsRunning -- launch failed, reason: Unity was launched with the -noUpm command-line argument
[Package Manager] UpmClient::Send -- Unable to send message (not connected to UPM process).
[Package Manager] Cannot connect to Unity Package Manager local server
Mono: successfully reloaded assembly
[Package Manager] Server::EnsureServerProcessIsRunning -- launch failed, reason: Unity was launched with the -noUpm command-line argument
[Package Manager] UpmClient::Send -- Unable to send message (not connected to UPM process).
[Package Manager] Cannot connect to Unity Package Manager local server
- Finished resetting the current domain, in  1.280 seconds
Domain Reload Profiling:
	ReloadAssembly (274ms)
		BeginReloadAssembly (176ms)
			ExecutionOrderSort (0ms)
			DisableScriptedObjects (6ms)
			BackupInstance (0ms)
			ReleaseScriptingObjects (0ms)
			CreateAndSetChildDomain (55ms)
		LoadAllAssembliesAndSetupDomain (816ms)
			LoadAssemblies (118ms)
			RebuildTransferFunctionScriptingTraits (0ms)
			SetupTypeCache (769ms)
				TypeCache.Initialize (364ms)
					TypeCache.ScanAssembly (355ms)
				ResolveRequiredComponents (12ms)
		FinalizeReload (0ms)
			ReleaseScriptCaches (0ms)
			RebuildScriptCaches (0ms)
			SetupLoadedEditorAssemblies (676ms)
				LogAssemblyErrors (0ms)
				InitializePlatformSupportModulesInManaged (35ms)
				SetLoadedEditorAssemblies (9ms)
				RefreshPlugins (0ms)
				BeforeProcessingInitializeOnLoad (126ms)
				ProcessInitializeOnLoadAttributes (374ms)
				ProcessInitializeOnLoadMethodAttributes (128ms)
				AfterProcessingInitializeOnLoad (4ms)
				EditorAssembliesLoaded (1ms)
			ExecutionOrderSort2 (0ms)
			AwakeInstancesAfterBackupRestoration (29ms)
Refreshing native plugins compatible for Editor in 12.52 ms, found 11 plugins.
Preloading 0 native plugins for Editor in 0.00 ms.
Unloading 5551 Unused Serialized files (Serialized files now loaded: 0)
Unloading 61 unused Assets / (1.3 MB). Loaded Objects now: 6089.
Memory consumption went from 0.82 GB to 0.82 GB.
Total: 6.375000 ms (FindLiveObjects: 0.558000 ms CreateObjectMapping: 0.443200 ms MarkObjects: 4.623800 ms  DeleteObjects: 0.748700 ms)

AssetImportParameters requested are different than current active one (requested -> active):
  custom:container-demuxer-ogg: 62fdf1f143b41e24485cea50d1cbac27 -> 
  custom:video-decoder-ogg-theora: a1e56fd34408186e4bbccfd4996cb3dc -> 
  custom:framework-win-MediaFoundation: 216162199b28c13a410421893ffa2e32 -> 
  custom:container-demuxer-webm: 4f35f7cbe854078d1ac9338744f61a02 -> 
  custom:container-muxer-webm: aa71ff27fc2769a1b78a27578f13a17b -> 
  custom:video-decoder-webm-vp8: 9c59270c3fd7afecdb556c50c9e8de78 -> 
  custom:AudioImporter_EditorPlatform: d09bf68614088b80899f8185d706f6e7 -> 
  custom:video-encoder-webm-vp8: eb34c28f22e8b96e1ab97ce403110664 -> 
  custom:audio-decoder-ogg-vorbis: bf7c407c2cedff20999df2af8eb42d56 -> 
  custom:audio-encoder-webm-vorbis: bf7c407c2cedff20999df2af8eb42d56 -> 
========================================================================
Received Prepare
Refreshing native plugins compatible for Editor in 14.89 ms, found 11 plugins.
Preloading 0 native plugins for Editor in 0.00 ms.
Unloading 9 Unused Serialized files (Serialized files now loaded: 0)
Unloading 7 unused Assets / (1.2 MB). Loaded Objects now: 6091.
Memory consumption went from 88.7 MB to 87.6 MB.
Total: 5.932700 ms (FindLiveObjects: 0.556900 ms CreateObjectMapping: 0.220200 ms MarkObjects: 4.525500 ms  DeleteObjects: 0.628800 ms)

AssetImportParameters requested are different than current active one (requested -> active):
  custom:container-demuxer-ogg: 62fdf1f143b41e24485cea50d1cbac27 -> 
  custom:video-decoder-ogg-theora: a1e56fd34408186e4bbccfd4996cb3dc -> 
  custom:framework-win-MediaFoundation: 216162199b28c13a410421893ffa2e32 -> 
  custom:container-demuxer-webm: 4f35f7cbe854078d1ac9338744f61a02 -> 
  custom:container-muxer-webm: aa71ff27fc2769a1b78a27578f13a17b -> 
  custom:video-decoder-webm-vp8: 9c59270c3fd7afecdb556c50c9e8de78 -> 
  custom:AudioImporter_EditorPlatform: d09bf68614088b80899f8185d706f6e7 -> 
  custom:video-encoder-webm-vp8: eb34c28f22e8b96e1ab97ce403110664 -> 
  custom:audio-decoder-ogg-vorbis: bf7c407c2cedff20999df2af8eb42d56 -> 
  custom:audio-encoder-webm-vorbis: bf7c407c2cedff20999df2af8eb42d56 -> 
========================================================================
Received Prepare
Refreshing native plugins compatible for Editor in 12.18 ms, found 11 plugins.
Preloading 0 native plugins for Editor in 0.00 ms.
Unloading 7 Unused Serialized files (Serialized files now loaded: 0)
Unloading 7 unused Assets / (1.1 MB). Loaded Objects now: 6091.
Memory consumption went from 88.2 MB to 87.1 MB.
Total: 6.016800 ms (FindLiveObjects: 0.521400 ms CreateObjectMapping: 0.170700 ms MarkObjects: 4.690300 ms  DeleteObjects: 0.633400 ms)

AssetImportParameters requested are different than current active one (requested -> active):
  custom:container-demuxer-ogg: 62fdf1f143b41e24485cea50d1cbac27 -> 
  custom:video-decoder-ogg-theora: a1e56fd34408186e4bbccfd4996cb3dc -> 
  custom:framework-win-MediaFoundation: 216162199b28c13a410421893ffa2e32 -> 
  custom:container-demuxer-webm: 4f35f7cbe854078d1ac9338744f61a02 -> 
  custom:container-muxer-webm: aa71ff27fc2769a1b78a27578f13a17b -> 
  custom:video-decoder-webm-vp8: 9c59270c3fd7afecdb556c50c9e8de78 -> 
  custom:AudioImporter_EditorPlatform: d09bf68614088b80899f8185d706f6e7 -> 
  custom:video-encoder-webm-vp8: eb34c28f22e8b96e1ab97ce403110664 -> 
  custom:audio-decoder-ogg-vorbis: bf7c407c2cedff20999df2af8eb42d56 -> 
  custom:audio-encoder-webm-vorbis: bf7c407c2cedff20999df2af8eb42d56 -> 
========================================================================
Received Prepare
Begin MonoManager ReloadAssembly
Symbol file LoadedFromMemory doesn't match image F:\zaloha final 14-1-23\SanasAR\Library\PackageCache\com.unity.visualscripting@1.8.0\Editor\VisualScripting.Core\Dependencies\YamlDotNet\Unity.VisualScripting.YamlDotNet.dll
Symbol file LoadedFromMemory doesn't match image F:\zaloha final 14-1-23\SanasAR\Library\PackageCache\com.unity.visualscripting@1.8.0\Editor\VisualScripting.Core\Dependencies\DotNetZip\Unity.VisualScripting.IonicZip.dll
- Loaded All Assemblies, in  1.104 seconds
Refreshing native plugins compatible for Editor in 13.30 ms, found 11 plugins.
Native extension for WindowsStandalone target not found
Native extension for iOS target not found
Native extension for Android target not found
[Package Manager] Server::EnsureServerProcessIsRunning -- launch failed, reason: Unity was launched with the -noUpm command-line argument
[Package Manager] UpmClient::Send -- Unable to send message (not connected to UPM process).
[Package Manager] Cannot connect to Unity Package Manager local server
Mono: successfully reloaded assembly
[Package Manager] Server::EnsureServerProcessIsRunning -- launch failed, reason: Unity was launched with the -noUpm command-line argument
[Package Manager] UpmClient::Send -- Unable to send message (not connected to UPM process).
[Package Manager] Cannot connect to Unity Package Manager local server
- Finished resetting the current domain, in  1.250 seconds
Domain Reload Profiling:
	ReloadAssembly (260ms)
		BeginReloadAssembly (163ms)
			ExecutionOrderSort (0ms)
			DisableScriptedObjects (7ms)
			BackupInstance (0ms)
			ReleaseScriptingObjects (0ms)
			CreateAndSetChildDomain (50ms)
		LoadAllAssembliesAndSetupDomain (842ms)
			LoadAssemblies (111ms)
			RebuildTransferFunctionScriptingTraits (0ms)
			SetupTypeCache (793ms)
				TypeCache.Initialize (394ms)
					TypeCache.ScanAssembly (384ms)
				ResolveRequiredComponents (18ms)
		FinalizeReload (0ms)
			ReleaseScriptCaches (0ms)
			RebuildScriptCaches (0ms)
			SetupLoadedEditorAssemblies (639ms)
				LogAssemblyErrors (0ms)
				InitializePlatformSupportModulesInManaged (33ms)
				SetLoadedEditorAssemblies (8ms)
				RefreshPlugins (0ms)
				BeforeProcessingInitializeOnLoad (118ms)
				ProcessInitializeOnLoadAttributes (375ms)
				ProcessInitializeOnLoadMethodAttributes (101ms)
				AfterProcessingInitializeOnLoad (3ms)
				EditorAssembliesLoaded (0ms)
			ExecutionOrderSort2 (0ms)
			AwakeInstancesAfterBackupRestoration (30ms)
Refreshing native plugins compatible for Editor in 11.14 ms, found 11 plugins.
Preloading 0 native plugins for Editor in 0.00 ms.
Unloading 5550 Unused Serialized files (Serialized files now loaded: 0)
Unloading 58 unused Assets / (1.1 MB). Loaded Objects now: 6095.
Memory consumption went from 0.82 GB to 0.82 GB.
Total: 4.854100 ms (FindLiveObjects: 0.483400 ms CreateObjectMapping: 0.157500 ms MarkObjects: 3.574000 ms  DeleteObjects: 0.638100 ms)

AssetImportParameters requested are different than current active one (requested -> active):
  custom:container-demuxer-ogg: 62fdf1f143b41e24485cea50d1cbac27 -> 
  custom:video-decoder-ogg-theora: a1e56fd34408186e4bbccfd4996cb3dc -> 
  custom:framework-win-MediaFoundation: 216162199b28c13a410421893ffa2e32 -> 
  custom:container-demuxer-webm: 4f35f7cbe854078d1ac9338744f61a02 -> 
  custom:container-muxer-webm: aa71ff27fc2769a1b78a27578f13a17b -> 
  custom:video-decoder-webm-vp8: 9c59270c3fd7afecdb556c50c9e8de78 -> 
  custom:AudioImporter_EditorPlatform: d09bf68614088b80899f8185d706f6e7 -> 
  custom:video-encoder-webm-vp8: eb34c28f22e8b96e1ab97ce403110664 -> 
  custom:audio-decoder-ogg-vorbis: bf7c407c2cedff20999df2af8eb42d56 -> 
  custom:audio-encoder-webm-vorbis: bf7c407c2cedff20999df2af8eb42d56 -> 
========================================================================
Received Import Request.
  Time since last request: 1083.552532 seconds.
  path: Assets/Prefab/H_23-30.prefab
  artifactKey: Guid(a4ec6a2cb90665e4fb0f77f519501e05) Importer(815301076,1909f56bfc062723c751e8b465ee728b)
Number of updated assets reloaded before import = 0
Start importing Assets/Prefab/H_23-30.prefab using Guid(a4ec6a2cb90665e4fb0f77f519501e05) Importer(815301076,1909f56bfc062723c751e8b465ee728b)  -> (artifact id: 'f5ae1faa62a8ace1c7a7111eec9aef90') in 0.112087 seconds 
Number of asset objects unloaded after import = 23
========================================================================
Received Import Request.
  Time since last request: 3.060459 seconds.
  path: Assets/Prefab/H_23-30.prefab
  artifactKey: Guid(a4ec6a2cb90665e4fb0f77f519501e05) Importer(815301076,1909f56bfc062723c751e8b465ee728b)
Number of updated assets reloaded before import = 0
Start importing Assets/Prefab/H_23-30.prefab using Guid(a4ec6a2cb90665e4fb0f77f519501e05) Importer(815301076,1909f56bfc062723c751e8b465ee728b)  -> (artifact id: '3cea3af288f61ac1a45bb3dfaef6d6f4') in 0.017629 seconds 
Number of asset objects unloaded after import = 23
========================================================================
Received Import Request.
  Time since last request: 2.806050 seconds.
  path: Assets/Prefab/H_23-30.prefab
  artifactKey: Guid(a4ec6a2cb90665e4fb0f77f519501e05) Importer(815301076,1909f56bfc062723c751e8b465ee728b)
Number of updated assets reloaded before import = 0
Start importing Assets/Prefab/H_23-30.prefab using Guid(a4ec6a2cb90665e4fb0f77f519501e05) Importer(815301076,1909f56bfc062723c751e8b465ee728b)  -> (artifact id: '2e5327d3fb6572eca0245ba1eb9785f6') in 0.011806 seconds 
Number of asset objects unloaded after import = 23
========================================================================
Received Import Request.
  Time since last request: 3.481542 seconds.
  path: Assets/Prefab/HR_34-90.prefab
  artifactKey: Guid(10d7a534c3206f7409bac35a72b5d0c4) Importer(815301076,1909f56bfc062723c751e8b465ee728b)
Number of updated assets reloaded before import = 0
Start importing Assets/Prefab/HR_34-90.prefab using Guid(10d7a534c3206f7409bac35a72b5d0c4) Importer(815301076,1909f56bfc062723c751e8b465ee728b)  -> (artifact id: '4d78f6aa876921324ec88c9a1eda276e') in 0.018015 seconds 
Number of asset objects unloaded after import = 22
========================================================================
Received Import Request.
  Time since last request: 1.385041 seconds.
  path: Assets/Prefab/HR_34-90.prefab
  artifactKey: Guid(10d7a534c3206f7409bac35a72b5d0c4) Importer(815301076,1909f56bfc062723c751e8b465ee728b)
Number of updated assets reloaded before import = 0
Start importing Assets/Prefab/HR_34-90.prefab using Guid(10d7a534c3206f7409bac35a72b5d0c4) Importer(815301076,1909f56bfc062723c751e8b465ee728b)  -> (artifact id: '8b16e8c6957e875c37e9c63e936c7b2e') in 0.015451 seconds 
Number of asset objects unloaded after import = 22
========================================================================
Received Import Request.
  Time since last request: 9.456896 seconds.
  path: Assets/Prefab/HR_34-90.prefab
  artifactKey: Guid(10d7a534c3206f7409bac35a72b5d0c4) Importer(815301076,1909f56bfc062723c751e8b465ee728b)
Number of updated assets reloaded before import = 0
Start importing Assets/Prefab/HR_34-90.prefab using Guid(10d7a534c3206f7409bac35a72b5d0c4) Importer(815301076,1909f56bfc062723c751e8b465ee728b)  -> (artifact id: 'e0d1d5438a106020b280a11d72d9672c') in 0.022072 seconds 
Number of asset objects unloaded after import = 22
========================================================================
Received Import Request.
  Time since last request: 2.758831 seconds.
  path: Assets/Prefab/HR_34-90.prefab
  artifactKey: Guid(10d7a534c3206f7409bac35a72b5d0c4) Importer(815301076,1909f56bfc062723c751e8b465ee728b)
Number of updated assets reloaded before import = 0
Start importing Assets/Prefab/HR_34-90.prefab using Guid(10d7a534c3206f7409bac35a72b5d0c4) Importer(815301076,1909f56bfc062723c751e8b465ee728b)  -> (artifact id: '1ebbfa00300ddaa80042acae30dd0b88') in 0.014690 seconds 
Number of asset objects unloaded after import = 22
========================================================================
Received Import Request.
  Time since last request: 3.306815 seconds.
  path: Assets/Prefab/SP_66-60.prefab
  artifactKey: Guid(73991832ee5c99148b23ae4bee4730c7) Importer(815301076,1909f56bfc062723c751e8b465ee728b)
Number of updated assets reloaded before import = 0
Start importing Assets/Prefab/SP_66-60.prefab using Guid(73991832ee5c99148b23ae4bee4730c7) Importer(815301076,1909f56bfc062723c751e8b465ee728b)  -> (artifact id: 'b58bbe9618c589d923685cf53b4ff946') in 0.017180 seconds 
Number of asset objects unloaded after import = 22
========================================================================
Received Import Request.
  Time since last request: 1.805011 seconds.
  path: Assets/Prefab/SP_66-60.prefab
  artifactKey: Guid(73991832ee5c99148b23ae4bee4730c7) Importer(815301076,1909f56bfc062723c751e8b465ee728b)
Number of updated assets reloaded before import = 0
Start importing Assets/Prefab/SP_66-60.prefab using Guid(73991832ee5c99148b23ae4bee4730c7) Importer(815301076,1909f56bfc062723c751e8b465ee728b)  -> (artifact id: 'a6899c74444e7bc963a05a67196ffc39') in 0.016546 seconds 
Number of asset objects unloaded after import = 22
========================================================================
Received Import Request.
  Time since last request: 2.988497 seconds.
  path: Assets/Prefab/SP_66-60.prefab
  artifactKey: Guid(73991832ee5c99148b23ae4bee4730c7) Importer(815301076,1909f56bfc062723c751e8b465ee728b)
Number of updated assets reloaded before import = 0
Start importing Assets/Prefab/SP_66-60.prefab using Guid(73991832ee5c99148b23ae4bee4730c7) Importer(815301076,1909f56bfc062723c751e8b465ee728b)  -> (artifact id: 'f4493e21fd6f66dc90ff89c9351d4696') in 0.014658 seconds 
Number of asset objects unloaded after import = 22
========================================================================
Received Import Request.
  Time since last request: 6.637039 seconds.
  path: Assets/AddressableAssetsData/DefaultObject.asset
  artifactKey: Guid(934c17f9925290146a680c2f469e1463) Importer(815301076,1909f56bfc062723c751e8b465ee728b)
Number of updated assets reloaded before import = 0
Start importing Assets/AddressableAssetsData/DefaultObject.asset using Guid(934c17f9925290146a680c2f469e1463) Importer(815301076,1909f56bfc062723c751e8b465ee728b)  -> (artifact id: '3428ced7e459b465762689e1a91b55b5') in 0.007056 seconds 
Number of asset objects unloaded after import = 1
========================================================================
Received Import Request.
  Time since last request: 266.275042 seconds.
  path: Assets/Prefab/H_23-30.prefab
  artifactKey: Guid(a4ec6a2cb90665e4fb0f77f519501e05) Importer(815301076,1909f56bfc062723c751e8b465ee728b)
Number of updated assets reloaded before import = 0
Start importing Assets/Prefab/H_23-30.prefab using Guid(a4ec6a2cb90665e4fb0f77f519501e05) Importer(815301076,1909f56bfc062723c751e8b465ee728b)  -> (artifact id: '3609c42c3c6193f16eef63b906150747') in 0.027434 seconds 
Number of asset objects unloaded after import = 23
========================================================================
Received Import Request.
  Time since last request: 19.307835 seconds.
  path: Assets/Prefab/H_23-30.prefab
  artifactKey: Guid(a4ec6a2cb90665e4fb0f77f519501e05) Importer(815301076,1909f56bfc062723c751e8b465ee728b)
Number of updated assets reloaded before import = 0
Start importing Assets/Prefab/H_23-30.prefab using Guid(a4ec6a2cb90665e4fb0f77f519501e05) Importer(815301076,1909f56bfc062723c751e8b465ee728b)  -> (artifact id: 'ecc9bfc9448e6f7adc9abd3f74fdd4c6') in 0.016957 seconds 
Number of asset objects unloaded after import = 23
========================================================================
Received Import Request.
  Time since last request: 1.189766 seconds.
  path: Assets/Prefab/H_23-30.prefab
  artifactKey: Guid(a4ec6a2cb90665e4fb0f77f519501e05) Importer(815301076,1909f56bfc062723c751e8b465ee728b)
Number of updated assets reloaded before import = 0
Start importing Assets/Prefab/H_23-30.prefab using Guid(a4ec6a2cb90665e4fb0f77f519501e05) Importer(815301076,1909f56bfc062723c751e8b465ee728b)  -> (artifact id: '389fe2ac76d17f7ecc08e0314fc24311') in 0.018592 seconds 
Number of asset objects unloaded after import = 23
========================================================================
Received Import Request.
  Time since last request: 9.467074 seconds.
  path: Assets/Prefab/H_23-30.prefab
  artifactKey: Guid(a4ec6a2cb90665e4fb0f77f519501e05) Importer(815301076,1909f56bfc062723c751e8b465ee728b)
Number of updated assets reloaded before import = 0
Start importing Assets/Prefab/H_23-30.prefab using Guid(a4ec6a2cb90665e4fb0f77f519501e05) Importer(815301076,1909f56bfc062723c751e8b465ee728b)  -> (artifact id: 'c759a4e48aa96cf4a8df50ad8f2577fd') in 0.016371 seconds 
Number of asset objects unloaded after import = 23
========================================================================
Received Import Request.
  Time since last request: 3.806897 seconds.
  path: Assets/Prefab/H_23-30.prefab
  artifactKey: Guid(a4ec6a2cb90665e4fb0f77f519501e05) Importer(815301076,1909f56bfc062723c751e8b465ee728b)
Number of updated assets reloaded before import = 0
Start importing Assets/Prefab/H_23-30.prefab using Guid(a4ec6a2cb90665e4fb0f77f519501e05) Importer(815301076,1909f56bfc062723c751e8b465ee728b)  -> (artifact id: '5b4ba44153b8b910e60c2f8b0cbfa215') in 0.014845 seconds 
Number of asset objects unloaded after import = 23
========================================================================
Received Import Request.
  Time since last request: 3.202905 seconds.
  path: Assets/Prefab/H_23-30.prefab
  artifactKey: Guid(a4ec6a2cb90665e4fb0f77f519501e05) Importer(815301076,1909f56bfc062723c751e8b465ee728b)
Number of updated assets reloaded before import = 0
Start importing Assets/Prefab/H_23-30.prefab using Guid(a4ec6a2cb90665e4fb0f77f519501e05) Importer(815301076,1909f56bfc062723c751e8b465ee728b)  -> (artifact id: 'edc8c269bb5fd804e9c54438e178759a') in 0.015721 seconds 
Number of asset objects unloaded after import = 23
========================================================================
Received Import Request.
  Time since last request: 3.518689 seconds.
  path: Assets/Prefab/HR_34-90.prefab
  artifactKey: Guid(10d7a534c3206f7409bac35a72b5d0c4) Importer(815301076,1909f56bfc062723c751e8b465ee728b)
Number of updated assets reloaded before import = 0
Start importing Assets/Prefab/HR_34-90.prefab using Guid(10d7a534c3206f7409bac35a72b5d0c4) Importer(815301076,1909f56bfc062723c751e8b465ee728b)  -> (artifact id: 'a058d1cae8bbdf2ab84a165fff07f896') in 0.015382 seconds 
Number of asset objects unloaded after import = 22
========================================================================
Received Import Request.
  Time since last request: 2.393071 seconds.
  path: Assets/Prefab/HR_34-90.prefab
  artifactKey: Guid(10d7a534c3206f7409bac35a72b5d0c4) Importer(815301076,1909f56bfc062723c751e8b465ee728b)
Number of updated assets reloaded before import = 0
Start importing Assets/Prefab/HR_34-90.prefab using Guid(10d7a534c3206f7409bac35a72b5d0c4) Importer(815301076,1909f56bfc062723c751e8b465ee728b)  -> (artifact id: 'f9c08d0872e19694635c7b3402deed2f') in 0.015150 seconds 
Number of asset objects unloaded after import = 22
========================================================================
Received Import Request.
  Time since last request: 4.504397 seconds.
  path: Assets/Prefab/HR_34-90.prefab
  artifactKey: Guid(10d7a534c3206f7409bac35a72b5d0c4) Importer(815301076,1909f56bfc062723c751e8b465ee728b)
Number of updated assets reloaded before import = 0
Start importing Assets/Prefab/HR_34-90.prefab using Guid(10d7a534c3206f7409bac35a72b5d0c4) Importer(815301076,1909f56bfc062723c751e8b465ee728b)  -> (artifact id: '0ecf6b2d44342b3cbe50c1b90029aa5d') in 0.014910 seconds 
Number of asset objects unloaded after import = 22
========================================================================
Received Import Request.
  Time since last request: 3.498289 seconds.
  path: Assets/Prefab/SP_66-60.prefab
  artifactKey: Guid(73991832ee5c99148b23ae4bee4730c7) Importer(815301076,1909f56bfc062723c751e8b465ee728b)
Number of updated assets reloaded before import = 0
Start importing Assets/Prefab/SP_66-60.prefab using Guid(73991832ee5c99148b23ae4bee4730c7) Importer(815301076,1909f56bfc062723c751e8b465ee728b)  -> (artifact id: 'acd6e89d519489a2be5c76d42f34f875') in 0.021850 seconds 
Number of asset objects unloaded after import = 22
========================================================================
Received Import Request.
  Time since last request: 2.594794 seconds.
  path: Assets/Prefab/SP_66-60.prefab
  artifactKey: Guid(73991832ee5c99148b23ae4bee4730c7) Importer(815301076,1909f56bfc062723c751e8b465ee728b)
Number of updated assets reloaded before import = 0
Start importing Assets/Prefab/SP_66-60.prefab using Guid(73991832ee5c99148b23ae4bee4730c7) Importer(815301076,1909f56bfc062723c751e8b465ee728b)  -> (artifact id: 'deb2c27ee21efb7becbbed8c4b06d7ba') in 0.019033 seconds 
Number of asset objects unloaded after import = 22
========================================================================
Received Import Request.
  Time since last request: 4.114098 seconds.
  path: Assets/Prefab/SP_66-60.prefab
  artifactKey: Guid(73991832ee5c99148b23ae4bee4730c7) Importer(815301076,1909f56bfc062723c751e8b465ee728b)
Number of updated assets reloaded before import = 0
Start importing Assets/Prefab/SP_66-60.prefab using Guid(73991832ee5c99148b23ae4bee4730c7) Importer(815301076,1909f56bfc062723c751e8b465ee728b)  -> (artifact id: '9cbab2f479d7e537cb4e7d5f61c24808') in 0.012904 seconds 
Number of asset objects unloaded after import = 22
========================================================================
Received Import Request.
  Time since last request: 440.738962 seconds.
  path: Assets/Wooden floor/Wooden floor 03/Wooden floor diffuse.tga
  artifactKey: Guid(6c631a00e581dcf41a1aaf4f51ae99a9) Importer(815301076,1909f56bfc062723c751e8b465ee728b)
Number of updated assets reloaded before import = 0
Start importing Assets/Wooden floor/Wooden floor 03/Wooden floor diffuse.tga using Guid(6c631a00e581dcf41a1aaf4f51ae99a9) Importer(815301076,1909f56bfc062723c751e8b465ee728b)  -> (artifact id: '716080ef5649118fd939c7d192c8ac4f') in 0.026292 seconds 
Number of asset objects unloaded after import = 2
========================================================================
Received Import Request.
  Time since last request: 5.411970 seconds.
  path: Assets/Wooden floor/Wooden floor 03/Wooden floor 03.mat
  artifactKey: Guid(7e181fd161a9d4c41a7d09c87806d01d) Importer(815301076,1909f56bfc062723c751e8b465ee728b)
Number of updated assets reloaded before import = 0
Start importing Assets/Wooden floor/Wooden floor 03/Wooden floor 03.mat using Guid(7e181fd161a9d4c41a7d09c87806d01d) Importer(815301076,1909f56bfc062723c751e8b465ee728b)  -> (artifact id: '5ee35a05c2729a1050195a9362779f9f') in 0.048793 seconds 
Number of asset objects unloaded after import = 3
========================================================================
Received Import Request.
  Time since last request: 20.960610 seconds.
  path: Assets/Wooden floor/Wooden floor 05/Wooden floor 05.mat
  artifactKey: Guid(18f616d90077f55439a996dc6e804862) Importer(815301076,1909f56bfc062723c751e8b465ee728b)
Number of updated assets reloaded before import = 0
Start importing Assets/Wooden floor/Wooden floor 05/Wooden floor 05.mat using Guid(18f616d90077f55439a996dc6e804862) Importer(815301076,1909f56bfc062723c751e8b465ee728b)  -> (artifact id: 'd82e8ce1959fa46fd35adebe991da4e0') in 0.018274 seconds 
Number of asset objects unloaded after import = 3
========================================================================
Received Import Request.
  Time since last request: 0.000023 seconds.
  path: Assets/Wooden floor/Wooden floor 05/Wooden floor normal.tga
  artifactKey: Guid(46ac2557224ef2747bddc416b5343d2c) Importer(815301076,1909f56bfc062723c751e8b465ee728b)
Number of updated assets reloaded before import = 0
Start importing Assets/Wooden floor/Wooden floor 05/Wooden floor normal.tga using Guid(46ac2557224ef2747bddc416b5343d2c) Importer(815301076,1909f56bfc062723c751e8b465ee728b)  -> (artifact id: '5aa4d4a68cb77f39f179c86af0fa3a91') in 0.020882 seconds 
Number of asset objects unloaded after import = 2
========================================================================
Received Import Request.
  Time since last request: 2.033104 seconds.
  path: Assets/Wooden floor/Wooden floor 07/Wooden floor 07.mat
  artifactKey: Guid(18a35e570e04b5e4bbbe952c545bf56d) Importer(815301076,1909f56bfc062723c751e8b465ee728b)
Number of updated assets reloaded before import = 0
Start importing Assets/Wooden floor/Wooden floor 07/Wooden floor 07.mat using Guid(18a35e570e04b5e4bbbe952c545bf56d) Importer(815301076,1909f56bfc062723c751e8b465ee728b)  -> (artifact id: 'fbedd59c635ba922493a20fb70f8febf') in 0.016318 seconds 
Number of asset objects unloaded after import = 3
========================================================================
Received Import Request.
  Time since last request: 0.000024 seconds.
  path: Assets/Wooden floor/Wooden floor 07/Wooden floor normal.tga
  artifactKey: Guid(e773a861543c2b44b994344f049590a7) Importer(815301076,1909f56bfc062723c751e8b465ee728b)
Number of updated assets reloaded before import = 0
Start importing Assets/Wooden floor/Wooden floor 07/Wooden floor normal.tga using Guid(e773a861543c2b44b994344f049590a7) Importer(815301076,1909f56bfc062723c751e8b465ee728b)  -> (artifact id: '9bd139bcc08ea6f7906a4c6a0e204d52') in 0.015490 seconds 
Number of asset objects unloaded after import = 2
========================================================================
Received Import Request.
  Time since last request: 2.625159 seconds.
  path: Assets/Wooden floor/Wooden floor 10/Wooden floor 10.mat
  artifactKey: Guid(1db0e90b9a3b07943b75591b4e452a96) Importer(815301076,1909f56bfc062723c751e8b465ee728b)
Number of updated assets reloaded before import = 0
Start importing Assets/Wooden floor/Wooden floor 10/Wooden floor 10.mat using Guid(1db0e90b9a3b07943b75591b4e452a96) Importer(815301076,1909f56bfc062723c751e8b465ee728b)  -> (artifact id: '303ae43bc47b196fb3528df843834107') in 0.020679 seconds 
Number of asset objects unloaded after import = 3
========================================================================
Received Import Request.
  Time since last request: 1.307614 seconds.
  path: Assets/Wooden floor/Wooden floor 09/Wooden floor 09.mat
  artifactKey: Guid(a62c2d4255dc1544eb8d146690fa6023) Importer(815301076,1909f56bfc062723c751e8b465ee728b)
Number of updated assets reloaded before import = 0
Start importing Assets/Wooden floor/Wooden floor 09/Wooden floor 09.mat using Guid(a62c2d4255dc1544eb8d146690fa6023) Importer(815301076,1909f56bfc062723c751e8b465ee728b)  -> (artifact id: 'f95b778aa40d563ffd7b3b7fa244067b') in 0.016370 seconds 
Number of asset objects unloaded after import = 3
========================================================================
Received Import Request.
  Time since last request: 0.000023 seconds.
  path: Assets/Wooden floor/Wooden floor 09/Wooden floor normal.tga
  artifactKey: Guid(27918644b59859f4188ea93c72064f41) Importer(815301076,1909f56bfc062723c751e8b465ee728b)
Number of updated assets reloaded before import = 0
Start importing Assets/Wooden floor/Wooden floor 09/Wooden floor normal.tga using Guid(27918644b59859f4188ea93c72064f41) Importer(815301076,1909f56bfc062723c751e8b465ee728b)  -> (artifact id: 'ce3aaaf83e570b5512d7777272822d21') in 0.013715 seconds 
Number of asset objects unloaded after import = 2
========================================================================
Received Import Request.
  Time since last request: 1.051362 seconds.
  path: Assets/Wooden floor/Wooden floor 01/Wooden floor 01.mat
  artifactKey: Guid(b5198f8af2f2fb74d81edc8ca9d255ce) Importer(815301076,1909f56bfc062723c751e8b465ee728b)
Number of updated assets reloaded before import = 0
Start importing Assets/Wooden floor/Wooden floor 01/Wooden floor 01.mat using Guid(b5198f8af2f2fb74d81edc8ca9d255ce) Importer(815301076,1909f56bfc062723c751e8b465ee728b)  -> (artifact id: '8df14512f9e0fe2c4e007157a2059a6f') in 0.016206 seconds 
Number of asset objects unloaded after import = 3
